<?xml version="1.0" encoding="UTF-8"?>
<testng-results skipped="0" failed="4" total="11" passed="7">
  <reporter-output>
  </reporter-output>
  <suite name="Default suite" duration-ms="144262" started-at="2015-05-27T16:02:19Z" finished-at="2015-05-27T16:04:44Z">
    <groups>
      <group name="testGroup">
        <method signature="OrdersPageTest.checkFirstButton()[pri:0, instance:com.softserve.edu.tests.OrdersPageTest@28d47c65]" name="checkFirstButton" class="com.softserve.edu.tests.OrdersPageTest"/>
        <method signature="OrdersPageTest.checkIfFirstButtonIsDisabled()[pri:0, instance:com.softserve.edu.tests.OrdersPageTest@28d47c65]" name="checkIfFirstButtonIsDisabled" class="com.softserve.edu.tests.OrdersPageTest"/>
        <method signature="OrdersPageTest.checkIfLastButtonIsDisabled()[pri:0, instance:com.softserve.edu.tests.OrdersPageTest@28d47c65]" name="checkIfLastButtonIsDisabled" class="com.softserve.edu.tests.OrdersPageTest"/>
        <method signature="OrdersPageTest.checkIfNextButtonIsDisabled()[pri:0, instance:com.softserve.edu.tests.OrdersPageTest@28d47c65]" name="checkIfNextButtonIsDisabled" class="com.softserve.edu.tests.OrdersPageTest"/>
        <method signature="OrdersPageTest.checkIfPreviousButtonIsDisabled()[pri:0, instance:com.softserve.edu.tests.OrdersPageTest@28d47c65]" name="checkIfPreviousButtonIsDisabled" class="com.softserve.edu.tests.OrdersPageTest"/>
        <method signature="OrdersPageTest.checkLastButton()[pri:0, instance:com.softserve.edu.tests.OrdersPageTest@28d47c65]" name="checkLastButton" class="com.softserve.edu.tests.OrdersPageTest"/>
        <method signature="OrdersPageTest.checkNextButton()[pri:0, instance:com.softserve.edu.tests.OrdersPageTest@28d47c65]" name="checkNextButton" class="com.softserve.edu.tests.OrdersPageTest"/>
        <method signature="OrdersPageTest.checkPreviousButton()[pri:0, instance:com.softserve.edu.tests.OrdersPageTest@28d47c65]" name="checkPreviousButton" class="com.softserve.edu.tests.OrdersPageTest"/>
        <method signature="OrdersPageTest.filterByRoleTest()[pri:0, instance:com.softserve.edu.tests.OrdersPageTest@28d47c65]" name="filterByRoleTest" class="com.softserve.edu.tests.OrdersPageTest"/>
        <method signature="OrdersPageTest.filterByStatusTest()[pri:0, instance:com.softserve.edu.tests.OrdersPageTest@28d47c65]" name="filterByStatusTest" class="com.softserve.edu.tests.OrdersPageTest"/>
        <method signature="OrdersPageTest.testTableData()[pri:0, instance:com.softserve.edu.tests.OrdersPageTest@28d47c65]" name="testTableData" class="com.softserve.edu.tests.OrdersPageTest"/>
      </group> <!-- testGroup -->
    </groups>
    <test name="Default test" duration-ms="144262" started-at="2015-05-27T16:02:19Z" finished-at="2015-05-27T16:04:44Z">
      <class name="com.softserve.edu.tests.OrdersPageTest">
        <test-method status="PASS" signature="setUp()[pri:0, instance:com.softserve.edu.tests.OrdersPageTest@28d47c65]" name="setUp" is-config="true" duration-ms="3583" started-at="2015-05-27T19:02:16Z" finished-at="2015-05-27T19:02:19Z">
          <reporter-output>
          </reporter-output>
        </test-method> <!-- setUp -->
        <test-method status="PASS" signature="logIn()[pri:0, instance:com.softserve.edu.tests.OrdersPageTest@28d47c65]" name="logIn" is-config="true" duration-ms="1460" started-at="2015-05-27T19:02:19Z" finished-at="2015-05-27T19:02:21Z">
          <reporter-output>
          </reporter-output>
        </test-method> <!-- logIn -->
        <test-method status="PASS" signature="filterByRoleTest()[pri:0, instance:com.softserve.edu.tests.OrdersPageTest@28d47c65]" name="filterByRoleTest" duration-ms="37265" started-at="2015-05-27T19:02:21Z" finished-at="2015-05-27T19:02:58Z">
          <reporter-output>
          </reporter-output>
        </test-method> <!-- filterByRoleTest -->
        <test-method status="PASS" signature="logOut()[pri:0, instance:com.softserve.edu.tests.OrdersPageTest@28d47c65]" name="logOut" is-config="true" duration-ms="374" started-at="2015-05-27T19:02:58Z" finished-at="2015-05-27T19:02:59Z">
          <reporter-output>
          </reporter-output>
        </test-method> <!-- logOut -->
        <test-method status="PASS" signature="logIn()[pri:0, instance:com.softserve.edu.tests.OrdersPageTest@28d47c65]" name="logIn" is-config="true" duration-ms="1340" started-at="2015-05-27T19:02:59Z" finished-at="2015-05-27T19:03:00Z">
          <reporter-output>
          </reporter-output>
        </test-method> <!-- logIn -->
        <test-method status="PASS" signature="filterByStatusTest()[pri:0, instance:com.softserve.edu.tests.OrdersPageTest@28d47c65]" name="filterByStatusTest" duration-ms="42778" started-at="2015-05-27T19:03:00Z" finished-at="2015-05-27T19:03:43Z">
          <reporter-output>
          </reporter-output>
        </test-method> <!-- filterByStatusTest -->
        <test-method status="PASS" signature="logOut()[pri:0, instance:com.softserve.edu.tests.OrdersPageTest@28d47c65]" name="logOut" is-config="true" duration-ms="406" started-at="2015-05-27T19:03:43Z" finished-at="2015-05-27T19:03:43Z">
          <reporter-output>
          </reporter-output>
        </test-method> <!-- logOut -->
        <test-method status="PASS" signature="logIn()[pri:0, instance:com.softserve.edu.tests.OrdersPageTest@28d47c65]" name="logIn" is-config="true" duration-ms="1299" started-at="2015-05-27T19:03:43Z" finished-at="2015-05-27T19:03:44Z">
          <reporter-output>
          </reporter-output>
        </test-method> <!-- logIn -->
        <test-method status="PASS" signature="testTableData()[pri:0, instance:com.softserve.edu.tests.OrdersPageTest@28d47c65]" name="testTableData" duration-ms="24826" started-at="2015-05-27T19:03:44Z" finished-at="2015-05-27T19:04:09Z">
          <reporter-output>
          </reporter-output>
        </test-method> <!-- testTableData -->
        <test-method status="PASS" signature="logOut()[pri:0, instance:com.softserve.edu.tests.OrdersPageTest@28d47c65]" name="logOut" is-config="true" duration-ms="327" started-at="2015-05-27T19:04:09Z" finished-at="2015-05-27T19:04:10Z">
          <reporter-output>
          </reporter-output>
        </test-method> <!-- logOut -->
        <test-method status="PASS" signature="logIn()[pri:0, instance:com.softserve.edu.tests.OrdersPageTest@28d47c65]" name="logIn" is-config="true" duration-ms="1365" started-at="2015-05-27T19:04:10Z" finished-at="2015-05-27T19:04:11Z">
          <reporter-output>
          </reporter-output>
        </test-method> <!-- logIn -->
        <test-method status="PASS" signature="checkFirstButton()[pri:0, instance:com.softserve.edu.tests.OrdersPageTest@28d47c65]" name="checkFirstButton" duration-ms="4403" started-at="2015-05-27T19:04:11Z" finished-at="2015-05-27T19:04:15Z">
          <reporter-output>
          </reporter-output>
        </test-method> <!-- checkFirstButton -->
        <test-method status="PASS" signature="logOut()[pri:0, instance:com.softserve.edu.tests.OrdersPageTest@28d47c65]" name="logOut" is-config="true" duration-ms="430" started-at="2015-05-27T19:04:15Z" finished-at="2015-05-27T19:04:16Z">
          <reporter-output>
          </reporter-output>
        </test-method> <!-- logOut -->
        <test-method status="PASS" signature="logIn()[pri:0, instance:com.softserve.edu.tests.OrdersPageTest@28d47c65]" name="logIn" is-config="true" duration-ms="1294" started-at="2015-05-27T19:04:16Z" finished-at="2015-05-27T19:04:17Z">
          <reporter-output>
          </reporter-output>
        </test-method> <!-- logIn -->
        <test-method status="FAIL" signature="checkIfFirstButtonIsDisabled()[pri:0, instance:com.softserve.edu.tests.OrdersPageTest@28d47c65]" name="checkIfFirstButtonIsDisabled" duration-ms="368" started-at="2015-05-27T19:04:17Z" finished-at="2015-05-27T19:04:17Z">
          <exception class="java.lang.AssertionError">
            <full-stacktrace>
              <![CDATA[java.lang.AssertionError
	at org.junit.Assert.fail(Assert.java:92)
	at org.junit.Assert.assertTrue(Assert.java:43)
	at org.junit.Assert.assertTrue(Assert.java:54)
	at com.softserve.edu.tests.OrdersPageTest.checkIfFirstButtonIsDisabled(OrdersPageTest.java:99)
	at sun.reflect.NativeMethodAccessorImpl.invoke0(Native Method)
	at sun.reflect.NativeMethodAccessorImpl.invoke(NativeMethodAccessorImpl.java:57)
	at sun.reflect.DelegatingMethodAccessorImpl.invoke(DelegatingMethodAccessorImpl.java:43)
	at java.lang.reflect.Method.invoke(Method.java:606)
	at org.testng.internal.MethodInvocationHelper.invokeMethod(MethodInvocationHelper.java:85)
	at org.testng.internal.Invoker.invokeMethod(Invoker.java:659)
	at org.testng.internal.Invoker.invokeTestMethod(Invoker.java:845)
	at org.testng.internal.Invoker.invokeTestMethods(Invoker.java:1153)
	at org.testng.internal.TestMethodWorker.invokeTestMethods(TestMethodWorker.java:124)
	at org.testng.internal.TestMethodWorker.run(TestMethodWorker.java:108)
	at org.testng.TestRunner.privateRun(TestRunner.java:771)
	at org.testng.TestRunner.run(TestRunner.java:621)
	at org.testng.SuiteRunner.runTest(SuiteRunner.java:357)
	at org.testng.SuiteRunner.runSequentially(SuiteRunner.java:352)
	at org.testng.SuiteRunner.privateRun(SuiteRunner.java:310)
	at org.testng.SuiteRunner.run(SuiteRunner.java:259)
	at org.testng.SuiteRunnerWorker.runSuite(SuiteRunnerWorker.java:52)
	at org.testng.SuiteRunnerWorker.run(SuiteRunnerWorker.java:86)
	at org.testng.TestNG.runSuitesSequentially(TestNG.java:1199)
	at org.testng.TestNG.runSuitesLocally(TestNG.java:1124)
	at org.testng.TestNG.run(TestNG.java:1032)
	at org.testng.remote.RemoteTestNG.run(RemoteTestNG.java:111)
	at org.testng.remote.RemoteTestNG.initAndRun(RemoteTestNG.java:204)
	at org.testng.remote.RemoteTestNG.main(RemoteTestNG.java:175)
]]>
            </full-stacktrace>
          </exception> <!-- java.lang.AssertionError -->
          <reporter-output>
          </reporter-output>
        </test-method> <!-- checkIfFirstButtonIsDisabled -->
        <test-method status="PASS" signature="logOut()[pri:0, instance:com.softserve.edu.tests.OrdersPageTest@28d47c65]" name="logOut" is-config="true" duration-ms="446" started-at="2015-05-27T19:04:17Z" finished-at="2015-05-27T19:04:18Z">
          <reporter-output>
          </reporter-output>
        </test-method> <!-- logOut -->
        <test-method status="PASS" signature="logIn()[pri:0, instance:com.softserve.edu.tests.OrdersPageTest@28d47c65]" name="logIn" is-config="true" duration-ms="1430" started-at="2015-05-27T19:04:18Z" finished-at="2015-05-27T19:04:19Z">
          <reporter-output>
          </reporter-output>
        </test-method> <!-- logIn -->
        <test-method status="FAIL" signature="checkIfLastButtonIsDisabled()[pri:0, instance:com.softserve.edu.tests.OrdersPageTest@28d47c65]" name="checkIfLastButtonIsDisabled" duration-ms="775" started-at="2015-05-27T19:04:19Z" finished-at="2015-05-27T19:04:20Z">
          <exception class="java.lang.AssertionError">
            <full-stacktrace>
              <![CDATA[java.lang.AssertionError
	at org.junit.Assert.fail(Assert.java:92)
	at org.junit.Assert.assertTrue(Assert.java:43)
	at org.junit.Assert.assertTrue(Assert.java:54)
	at com.softserve.edu.tests.OrdersPageTest.checkIfLastButtonIsDisabled(OrdersPageTest.java:120)
	at sun.reflect.NativeMethodAccessorImpl.invoke0(Native Method)
	at sun.reflect.NativeMethodAccessorImpl.invoke(NativeMethodAccessorImpl.java:57)
	at sun.reflect.DelegatingMethodAccessorImpl.invoke(DelegatingMethodAccessorImpl.java:43)
	at java.lang.reflect.Method.invoke(Method.java:606)
	at org.testng.internal.MethodInvocationHelper.invokeMethod(MethodInvocationHelper.java:85)
	at org.testng.internal.Invoker.invokeMethod(Invoker.java:659)
	at org.testng.internal.Invoker.invokeTestMethod(Invoker.java:845)
	at org.testng.internal.Invoker.invokeTestMethods(Invoker.java:1153)
	at org.testng.internal.TestMethodWorker.invokeTestMethods(TestMethodWorker.java:124)
	at org.testng.internal.TestMethodWorker.run(TestMethodWorker.java:108)
	at org.testng.TestRunner.privateRun(TestRunner.java:771)
	at org.testng.TestRunner.run(TestRunner.java:621)
	at org.testng.SuiteRunner.runTest(SuiteRunner.java:357)
	at org.testng.SuiteRunner.runSequentially(SuiteRunner.java:352)
	at org.testng.SuiteRunner.privateRun(SuiteRunner.java:310)
	at org.testng.SuiteRunner.run(SuiteRunner.java:259)
	at org.testng.SuiteRunnerWorker.runSuite(SuiteRunnerWorker.java:52)
	at org.testng.SuiteRunnerWorker.run(SuiteRunnerWorker.java:86)
	at org.testng.TestNG.runSuitesSequentially(TestNG.java:1199)
	at org.testng.TestNG.runSuitesLocally(TestNG.java:1124)
	at org.testng.TestNG.run(TestNG.java:1032)
	at org.testng.remote.RemoteTestNG.run(RemoteTestNG.java:111)
	at org.testng.remote.RemoteTestNG.initAndRun(RemoteTestNG.java:204)
	at org.testng.remote.RemoteTestNG.main(RemoteTestNG.java:175)
]]>
            </full-stacktrace>
          </exception> <!-- java.lang.AssertionError -->
          <reporter-output>
          </reporter-output>
        </test-method> <!-- checkIfLastButtonIsDisabled -->
        <test-method status="PASS" signature="logOut()[pri:0, instance:com.softserve.edu.tests.OrdersPageTest@28d47c65]" name="logOut" is-config="true" duration-ms="446" started-at="2015-05-27T19:04:20Z" finished-at="2015-05-27T19:04:21Z">
          <reporter-output>
          </reporter-output>
        </test-method> <!-- logOut -->
        <test-method status="PASS" signature="logIn()[pri:0, instance:com.softserve.edu.tests.OrdersPageTest@28d47c65]" name="logIn" is-config="true" duration-ms="1280" started-at="2015-05-27T19:04:21Z" finished-at="2015-05-27T19:04:22Z">
          <reporter-output>
          </reporter-output>
        </test-method> <!-- logIn -->
        <test-method status="FAIL" signature="checkIfNextButtonIsDisabled()[pri:0, instance:com.softserve.edu.tests.OrdersPageTest@28d47c65]" name="checkIfNextButtonIsDisabled" duration-ms="865" started-at="2015-05-27T19:04:22Z" finished-at="2015-05-27T19:04:23Z">
          <exception class="java.lang.AssertionError">
            <full-stacktrace>
              <![CDATA[java.lang.AssertionError
	at org.junit.Assert.fail(Assert.java:92)
	at org.junit.Assert.assertTrue(Assert.java:43)
	at org.junit.Assert.assertTrue(Assert.java:54)
	at com.softserve.edu.tests.OrdersPageTest.checkIfNextButtonIsDisabled(OrdersPageTest.java:112)
	at sun.reflect.NativeMethodAccessorImpl.invoke0(Native Method)
	at sun.reflect.NativeMethodAccessorImpl.invoke(NativeMethodAccessorImpl.java:57)
	at sun.reflect.DelegatingMethodAccessorImpl.invoke(DelegatingMethodAccessorImpl.java:43)
	at java.lang.reflect.Method.invoke(Method.java:606)
	at org.testng.internal.MethodInvocationHelper.invokeMethod(MethodInvocationHelper.java:85)
	at org.testng.internal.Invoker.invokeMethod(Invoker.java:659)
	at org.testng.internal.Invoker.invokeTestMethod(Invoker.java:845)
	at org.testng.internal.Invoker.invokeTestMethods(Invoker.java:1153)
	at org.testng.internal.TestMethodWorker.invokeTestMethods(TestMethodWorker.java:124)
	at org.testng.internal.TestMethodWorker.run(TestMethodWorker.java:108)
	at org.testng.TestRunner.privateRun(TestRunner.java:771)
	at org.testng.TestRunner.run(TestRunner.java:621)
	at org.testng.SuiteRunner.runTest(SuiteRunner.java:357)
	at org.testng.SuiteRunner.runSequentially(SuiteRunner.java:352)
	at org.testng.SuiteRunner.privateRun(SuiteRunner.java:310)
	at org.testng.SuiteRunner.run(SuiteRunner.java:259)
	at org.testng.SuiteRunnerWorker.runSuite(SuiteRunnerWorker.java:52)
	at org.testng.SuiteRunnerWorker.run(SuiteRunnerWorker.java:86)
	at org.testng.TestNG.runSuitesSequentially(TestNG.java:1199)
	at org.testng.TestNG.runSuitesLocally(TestNG.java:1124)
	at org.testng.TestNG.run(TestNG.java:1032)
	at org.testng.remote.RemoteTestNG.run(RemoteTestNG.java:111)
	at org.testng.remote.RemoteTestNG.initAndRun(RemoteTestNG.java:204)
	at org.testng.remote.RemoteTestNG.main(RemoteTestNG.java:175)
]]>
            </full-stacktrace>
          </exception> <!-- java.lang.AssertionError -->
          <reporter-output>
          </reporter-output>
        </test-method> <!-- checkIfNextButtonIsDisabled -->
        <test-method status="PASS" signature="logOut()[pri:0, instance:com.softserve.edu.tests.OrdersPageTest@28d47c65]" name="logOut" is-config="true" duration-ms="401" started-at="2015-05-27T19:04:23Z" finished-at="2015-05-27T19:04:23Z">
          <reporter-output>
          </reporter-output>
        </test-method> <!-- logOut -->
        <test-method status="PASS" signature="logIn()[pri:0, instance:com.softserve.edu.tests.OrdersPageTest@28d47c65]" name="logIn" is-config="true" duration-ms="1539" started-at="2015-05-27T19:04:23Z" finished-at="2015-05-27T19:04:25Z">
          <reporter-output>
          </reporter-output>
        </test-method> <!-- logIn -->
        <test-method status="FAIL" signature="checkIfPreviousButtonIsDisabled()[pri:0, instance:com.softserve.edu.tests.OrdersPageTest@28d47c65]" name="checkIfPreviousButtonIsDisabled" duration-ms="359" started-at="2015-05-27T19:04:25Z" finished-at="2015-05-27T19:04:25Z">
          <exception class="java.lang.AssertionError">
            <full-stacktrace>
              <![CDATA[java.lang.AssertionError
	at org.junit.Assert.fail(Assert.java:92)
	at org.junit.Assert.assertTrue(Assert.java:43)
	at org.junit.Assert.assertTrue(Assert.java:54)
	at com.softserve.edu.tests.OrdersPageTest.checkIfPreviousButtonIsDisabled(OrdersPageTest.java:104)
	at sun.reflect.NativeMethodAccessorImpl.invoke0(Native Method)
	at sun.reflect.NativeMethodAccessorImpl.invoke(NativeMethodAccessorImpl.java:57)
	at sun.reflect.DelegatingMethodAccessorImpl.invoke(DelegatingMethodAccessorImpl.java:43)
	at java.lang.reflect.Method.invoke(Method.java:606)
	at org.testng.internal.MethodInvocationHelper.invokeMethod(MethodInvocationHelper.java:85)
	at org.testng.internal.Invoker.invokeMethod(Invoker.java:659)
	at org.testng.internal.Invoker.invokeTestMethod(Invoker.java:845)
	at org.testng.internal.Invoker.invokeTestMethods(Invoker.java:1153)
	at org.testng.internal.TestMethodWorker.invokeTestMethods(TestMethodWorker.java:124)
	at org.testng.internal.TestMethodWorker.run(TestMethodWorker.java:108)
	at org.testng.TestRunner.privateRun(TestRunner.java:771)
	at org.testng.TestRunner.run(TestRunner.java:621)
	at org.testng.SuiteRunner.runTest(SuiteRunner.java:357)
	at org.testng.SuiteRunner.runSequentially(SuiteRunner.java:352)
	at org.testng.SuiteRunner.privateRun(SuiteRunner.java:310)
	at org.testng.SuiteRunner.run(SuiteRunner.java:259)
	at org.testng.SuiteRunnerWorker.runSuite(SuiteRunnerWorker.java:52)
	at org.testng.SuiteRunnerWorker.run(SuiteRunnerWorker.java:86)
	at org.testng.TestNG.runSuitesSequentially(TestNG.java:1199)
	at org.testng.TestNG.runSuitesLocally(TestNG.java:1124)
	at org.testng.TestNG.run(TestNG.java:1032)
	at org.testng.remote.RemoteTestNG.run(RemoteTestNG.java:111)
	at org.testng.remote.RemoteTestNG.initAndRun(RemoteTestNG.java:204)
	at org.testng.remote.RemoteTestNG.main(RemoteTestNG.java:175)
]]>
            </full-stacktrace>
          </exception> <!-- java.lang.AssertionError -->
          <reporter-output>
          </reporter-output>
        </test-method> <!-- checkIfPreviousButtonIsDisabled -->
        <test-method status="PASS" signature="logOut()[pri:0, instance:com.softserve.edu.tests.OrdersPageTest@28d47c65]" name="logOut" is-config="true" duration-ms="480" started-at="2015-05-27T19:04:25Z" finished-at="2015-05-27T19:04:25Z">
          <reporter-output>
          </reporter-output>
        </test-method> <!-- logOut -->
        <test-method status="PASS" signature="logIn()[pri:0, instance:com.softserve.edu.tests.OrdersPageTest@28d47c65]" name="logIn" is-config="true" duration-ms="1442" started-at="2015-05-27T19:04:25Z" finished-at="2015-05-27T19:04:27Z">
          <reporter-output>
          </reporter-output>
        </test-method> <!-- logIn -->
        <test-method status="PASS" signature="checkLastButton()[pri:0, instance:com.softserve.edu.tests.OrdersPageTest@28d47c65]" name="checkLastButton" duration-ms="3941" started-at="2015-05-27T19:04:27Z" finished-at="2015-05-27T19:04:31Z">
          <reporter-output>
          </reporter-output>
        </test-method> <!-- checkLastButton -->
        <test-method status="PASS" signature="logOut()[pri:0, instance:com.softserve.edu.tests.OrdersPageTest@28d47c65]" name="logOut" is-config="true" duration-ms="421" started-at="2015-05-27T19:04:31Z" finished-at="2015-05-27T19:04:31Z">
          <reporter-output>
          </reporter-output>
        </test-method> <!-- logOut -->
        <test-method status="PASS" signature="logIn()[pri:0, instance:com.softserve.edu.tests.OrdersPageTest@28d47c65]" name="logIn" is-config="true" duration-ms="1321" started-at="2015-05-27T19:04:31Z" finished-at="2015-05-27T19:04:33Z">
          <reporter-output>
          </reporter-output>
        </test-method> <!-- logIn -->
        <test-method status="PASS" signature="checkNextButton()[pri:0, instance:com.softserve.edu.tests.OrdersPageTest@28d47c65]" name="checkNextButton" duration-ms="4461" started-at="2015-05-27T19:04:33Z" finished-at="2015-05-27T19:04:37Z">
          <reporter-output>
          </reporter-output>
        </test-method> <!-- checkNextButton -->
        <test-method status="PASS" signature="logOut()[pri:0, instance:com.softserve.edu.tests.OrdersPageTest@28d47c65]" name="logOut" is-config="true" duration-ms="361" started-at="2015-05-27T19:04:37Z" finished-at="2015-05-27T19:04:37Z">
          <reporter-output>
          </reporter-output>
        </test-method> <!-- logOut -->
        <test-method status="PASS" signature="logIn()[pri:0, instance:com.softserve.edu.tests.OrdersPageTest@28d47c65]" name="logIn" is-config="true" duration-ms="1412" started-at="2015-05-27T19:04:37Z" finished-at="2015-05-27T19:04:39Z">
          <reporter-output>
          </reporter-output>
        </test-method> <!-- logIn -->
        <test-method status="PASS" signature="checkPreviousButton()[pri:0, instance:com.softserve.edu.tests.OrdersPageTest@28d47c65]" name="checkPreviousButton" duration-ms="4499" started-at="2015-05-27T19:04:39Z" finished-at="2015-05-27T19:04:43Z">
          <reporter-output>
          </reporter-output>
        </test-method> <!-- checkPreviousButton -->
        <test-method status="PASS" signature="logOut()[pri:0, instance:com.softserve.edu.tests.OrdersPageTest@28d47c65]" name="logOut" is-config="true" duration-ms="423" started-at="2015-05-27T19:04:43Z" finished-at="2015-05-27T19:04:44Z">
          <reporter-output>
          </reporter-output>
        </test-method> <!-- logOut -->
        <test-method status="PASS" signature="tearDown()[pri:0, instance:com.softserve.edu.tests.OrdersPageTest@28d47c65]" name="tearDown" is-config="true" duration-ms="75" started-at="2015-05-27T19:04:44Z" finished-at="2015-05-27T19:04:44Z">
          <reporter-output>
          </reporter-output>
        </test-method> <!-- tearDown -->
      </class> <!-- com.softserve.edu.tests.OrdersPageTest -->
    </test> <!-- Default test -->
  </suite> <!-- Default suite -->
</testng-results>
